<?xml version="1.0" encoding="UTF-8"?>
<testsuite xmlns:xsi="http://www.w3.org/2001/XMLSchema-instance" xsi:noNamespaceSchemaLocation="https://maven.apache.org/surefire/maven-surefire-plugin/xsd/surefire-test-report.xsd" name="com.itheima.helloworld.HelloworldApplicationTests" time="2.061" tests="1" errors="0" skipped="0" failures="0">
  <properties>
    <property name="sun.desktop" value="windows"/>
    <property name="awt.toolkit" value="sun.awt.windows.WToolkit"/>
    <property name="file.encoding.pkg" value="sun.io"/>
    <property name="java.specification.version" value="1.8"/>
    <property name="sun.cpu.isalist" value="amd64"/>
    <property name="sun.jnu.encoding" value="GBK"/>
    <property name="java.class.path" value="E:\ideawork\jiuyeban\heima153\helloworld\target\test-classes;E:\ideawork\jiuyeban\heima153\helloworld\target\classes;D:\MySoft\maven\apache-maven-3.3.9\repository\org\springframework\boot\spring-boot-starter-web\2.5.7\spring-boot-starter-web-2.5.7.jar;D:\MySoft\maven\apache-maven-3.3.9\repository\org\springframework\boot\spring-boot-starter\2.5.7\spring-boot-starter-2.5.7.jar;D:\MySoft\maven\apache-maven-3.3.9\repository\org\springframework\boot\spring-boot\2.5.7\spring-boot-2.5.7.jar;D:\MySoft\maven\apache-maven-3.3.9\repository\org\springframework\boot\spring-boot-autoconfigure\2.5.7\spring-boot-autoconfigure-2.5.7.jar;D:\MySoft\maven\apache-maven-3.3.9\repository\org\springframework\boot\spring-boot-starter-logging\2.5.7\spring-boot-starter-logging-2.5.7.jar;D:\MySoft\maven\apache-maven-3.3.9\repository\ch\qos\logback\logback-classic\1.2.7\logback-classic-1.2.7.jar;D:\MySoft\maven\apache-maven-3.3.9\repository\ch\qos\logback\logback-core\1.2.7\logback-core-1.2.7.jar;D:\MySoft\maven\apache-maven-3.3.9\repository\org\apache\logging\log4j\log4j-to-slf4j\2.14.1\log4j-to-slf4j-2.14.1.jar;D:\MySoft\maven\apache-maven-3.3.9\repository\org\apache\logging\log4j\log4j-api\2.14.1\log4j-api-2.14.1.jar;D:\MySoft\maven\apache-maven-3.3.9\repository\org\slf4j\jul-to-slf4j\1.7.32\jul-to-slf4j-1.7.32.jar;D:\MySoft\maven\apache-maven-3.3.9\repository\jakarta\annotation\jakarta.annotation-api\1.3.5\jakarta.annotation-api-1.3.5.jar;D:\MySoft\maven\apache-maven-3.3.9\repository\org\yaml\snakeyaml\1.28\snakeyaml-1.28.jar;D:\MySoft\maven\apache-maven-3.3.9\repository\org\springframework\boot\spring-boot-starter-json\2.5.7\spring-boot-starter-json-2.5.7.jar;D:\MySoft\maven\apache-maven-3.3.9\repository\com\fasterxml\jackson\core\jackson-databind\2.12.5\jackson-databind-2.12.5.jar;D:\MySoft\maven\apache-maven-3.3.9\repository\com\fasterxml\jackson\core\jackson-annotations\2.12.5\jackson-annotations-2.12.5.jar;D:\MySoft\maven\apache-maven-3.3.9\repository\com\fasterxml\jackson\core\jackson-core\2.12.5\jackson-core-2.12.5.jar;D:\MySoft\maven\apache-maven-3.3.9\repository\com\fasterxml\jackson\datatype\jackson-datatype-jdk8\2.12.5\jackson-datatype-jdk8-2.12.5.jar;D:\MySoft\maven\apache-maven-3.3.9\repository\com\fasterxml\jackson\datatype\jackson-datatype-jsr310\2.12.5\jackson-datatype-jsr310-2.12.5.jar;D:\MySoft\maven\apache-maven-3.3.9\repository\com\fasterxml\jackson\module\jackson-module-parameter-names\2.12.5\jackson-module-parameter-names-2.12.5.jar;D:\MySoft\maven\apache-maven-3.3.9\repository\org\springframework\boot\spring-boot-starter-tomcat\2.5.7\spring-boot-starter-tomcat-2.5.7.jar;D:\MySoft\maven\apache-maven-3.3.9\repository\org\apache\tomcat\embed\tomcat-embed-core\9.0.55\tomcat-embed-core-9.0.55.jar;D:\MySoft\maven\apache-maven-3.3.9\repository\org\apache\tomcat\embed\tomcat-embed-el\9.0.55\tomcat-embed-el-9.0.55.jar;D:\MySoft\maven\apache-maven-3.3.9\repository\org\apache\tomcat\embed\tomcat-embed-websocket\9.0.55\tomcat-embed-websocket-9.0.55.jar;D:\MySoft\maven\apache-maven-3.3.9\repository\org\springframework\spring-web\5.3.13\spring-web-5.3.13.jar;D:\MySoft\maven\apache-maven-3.3.9\repository\org\springframework\spring-beans\5.3.13\spring-beans-5.3.13.jar;D:\MySoft\maven\apache-maven-3.3.9\repository\org\springframework\spring-webmvc\5.3.13\spring-webmvc-5.3.13.jar;D:\MySoft\maven\apache-maven-3.3.9\repository\org\springframework\spring-aop\5.3.13\spring-aop-5.3.13.jar;D:\MySoft\maven\apache-maven-3.3.9\repository\org\springframework\spring-context\5.3.13\spring-context-5.3.13.jar;D:\MySoft\maven\apache-maven-3.3.9\repository\org\springframework\spring-expression\5.3.13\spring-expression-5.3.13.jar;D:\MySoft\maven\apache-maven-3.3.9\repository\org\springframework\boot\spring-boot-starter-test\2.5.7\spring-boot-starter-test-2.5.7.jar;D:\MySoft\maven\apache-maven-3.3.9\repository\org\springframework\boot\spring-boot-test\2.5.7\spring-boot-test-2.5.7.jar;D:\MySoft\maven\apache-maven-3.3.9\repository\org\springframework\boot\spring-boot-test-autoconfigure\2.5.7\spring-boot-test-autoconfigure-2.5.7.jar;D:\MySoft\maven\apache-maven-3.3.9\repository\com\jayway\jsonpath\json-path\2.5.0\json-path-2.5.0.jar;D:\MySoft\maven\apache-maven-3.3.9\repository\net\minidev\json-smart\2.4.7\json-smart-2.4.7.jar;D:\MySoft\maven\apache-maven-3.3.9\repository\net\minidev\accessors-smart\2.4.7\accessors-smart-2.4.7.jar;D:\MySoft\maven\apache-maven-3.3.9\repository\org\ow2\asm\asm\9.1\asm-9.1.jar;D:\MySoft\maven\apache-maven-3.3.9\repository\org\slf4j\slf4j-api\1.7.32\slf4j-api-1.7.32.jar;D:\MySoft\maven\apache-maven-3.3.9\repository\jakarta\xml\bind\jakarta.xml.bind-api\2.3.3\jakarta.xml.bind-api-2.3.3.jar;D:\MySoft\maven\apache-maven-3.3.9\repository\jakarta\activation\jakarta.activation-api\1.2.2\jakarta.activation-api-1.2.2.jar;D:\MySoft\maven\apache-maven-3.3.9\repository\org\assertj\assertj-core\3.19.0\assertj-core-3.19.0.jar;D:\MySoft\maven\apache-maven-3.3.9\repository\org\hamcrest\hamcrest\2.2\hamcrest-2.2.jar;D:\MySoft\maven\apache-maven-3.3.9\repository\org\junit\jupiter\junit-jupiter\5.7.2\junit-jupiter-5.7.2.jar;D:\MySoft\maven\apache-maven-3.3.9\repository\org\junit\jupiter\junit-jupiter-api\5.7.2\junit-jupiter-api-5.7.2.jar;D:\MySoft\maven\apache-maven-3.3.9\repository\org\apiguardian\apiguardian-api\1.1.0\apiguardian-api-1.1.0.jar;D:\MySoft\maven\apache-maven-3.3.9\repository\org\opentest4j\opentest4j\1.2.0\opentest4j-1.2.0.jar;D:\MySoft\maven\apache-maven-3.3.9\repository\org\junit\platform\junit-platform-commons\1.7.2\junit-platform-commons-1.7.2.jar;D:\MySoft\maven\apache-maven-3.3.9\repository\org\junit\jupiter\junit-jupiter-params\5.7.2\junit-jupiter-params-5.7.2.jar;D:\MySoft\maven\apache-maven-3.3.9\repository\org\junit\jupiter\junit-jupiter-engine\5.7.2\junit-jupiter-engine-5.7.2.jar;D:\MySoft\maven\apache-maven-3.3.9\repository\org\junit\platform\junit-platform-engine\1.7.2\junit-platform-engine-1.7.2.jar;D:\MySoft\maven\apache-maven-3.3.9\repository\org\mockito\mockito-core\3.9.0\mockito-core-3.9.0.jar;D:\MySoft\maven\apache-maven-3.3.9\repository\net\bytebuddy\byte-buddy\1.10.22\byte-buddy-1.10.22.jar;D:\MySoft\maven\apache-maven-3.3.9\repository\net\bytebuddy\byte-buddy-agent\1.10.22\byte-buddy-agent-1.10.22.jar;D:\MySoft\maven\apache-maven-3.3.9\repository\org\objenesis\objenesis\3.2\objenesis-3.2.jar;D:\MySoft\maven\apache-maven-3.3.9\repository\org\mockito\mockito-junit-jupiter\3.9.0\mockito-junit-jupiter-3.9.0.jar;D:\MySoft\maven\apache-maven-3.3.9\repository\org\skyscreamer\jsonassert\1.5.0\jsonassert-1.5.0.jar;D:\MySoft\maven\apache-maven-3.3.9\repository\com\vaadin\external\google\android-json\0.0.20131108.vaadin1\android-json-0.0.20131108.vaadin1.jar;D:\MySoft\maven\apache-maven-3.3.9\repository\org\springframework\spring-core\5.3.13\spring-core-5.3.13.jar;D:\MySoft\maven\apache-maven-3.3.9\repository\org\springframework\spring-jcl\5.3.13\spring-jcl-5.3.13.jar;D:\MySoft\maven\apache-maven-3.3.9\repository\org\springframework\spring-test\5.3.13\spring-test-5.3.13.jar;D:\MySoft\maven\apache-maven-3.3.9\repository\org\xmlunit\xmlunit-core\2.8.3\xmlunit-core-2.8.3.jar;"/>
    <property name="java.vm.vendor" value="Oracle Corporation"/>
    <property name="sun.arch.data.model" value="64"/>
    <property name="user.variant" value=""/>
    <property name="java.vendor.url" value="http://java.oracle.com/"/>
    <property name="user.timezone" value="Asia/Shanghai"/>
    <property name="java.vm.specification.version" value="1.8"/>
    <property name="os.name" value="Windows 10"/>
    <property name="user.country" value="CN"/>
    <property name="sun.java.launcher" value="SUN_STANDARD"/>
    <property name="sun.boot.library.path" value="D:\MySoft\jdk8\jre\bin"/>
    <property name="sun.java.command" value="C:\Users\tians\AppData\Local\Temp\surefire1146583471535208980\surefirebooter4698197970722289118.jar C:\Users\tians\AppData\Local\Temp\surefire1146583471535208980 2023-01-02T14-37-05_920-jvmRun1 surefire4764496543384444208tmp surefire_07457252725071925156tmp"/>
    <property name="surefire.test.class.path" value="E:\ideawork\jiuyeban\heima153\helloworld\target\test-classes;E:\ideawork\jiuyeban\heima153\helloworld\target\classes;D:\MySoft\maven\apache-maven-3.3.9\repository\org\springframework\boot\spring-boot-starter-web\2.5.7\spring-boot-starter-web-2.5.7.jar;D:\MySoft\maven\apache-maven-3.3.9\repository\org\springframework\boot\spring-boot-starter\2.5.7\spring-boot-starter-2.5.7.jar;D:\MySoft\maven\apache-maven-3.3.9\repository\org\springframework\boot\spring-boot\2.5.7\spring-boot-2.5.7.jar;D:\MySoft\maven\apache-maven-3.3.9\repository\org\springframework\boot\spring-boot-autoconfigure\2.5.7\spring-boot-autoconfigure-2.5.7.jar;D:\MySoft\maven\apache-maven-3.3.9\repository\org\springframework\boot\spring-boot-starter-logging\2.5.7\spring-boot-starter-logging-2.5.7.jar;D:\MySoft\maven\apache-maven-3.3.9\repository\ch\qos\logback\logback-classic\1.2.7\logback-classic-1.2.7.jar;D:\MySoft\maven\apache-maven-3.3.9\repository\ch\qos\logback\logback-core\1.2.7\logback-core-1.2.7.jar;D:\MySoft\maven\apache-maven-3.3.9\repository\org\apache\logging\log4j\log4j-to-slf4j\2.14.1\log4j-to-slf4j-2.14.1.jar;D:\MySoft\maven\apache-maven-3.3.9\repository\org\apache\logging\log4j\log4j-api\2.14.1\log4j-api-2.14.1.jar;D:\MySoft\maven\apache-maven-3.3.9\repository\org\slf4j\jul-to-slf4j\1.7.32\jul-to-slf4j-1.7.32.jar;D:\MySoft\maven\apache-maven-3.3.9\repository\jakarta\annotation\jakarta.annotation-api\1.3.5\jakarta.annotation-api-1.3.5.jar;D:\MySoft\maven\apache-maven-3.3.9\repository\org\yaml\snakeyaml\1.28\snakeyaml-1.28.jar;D:\MySoft\maven\apache-maven-3.3.9\repository\org\springframework\boot\spring-boot-starter-json\2.5.7\spring-boot-starter-json-2.5.7.jar;D:\MySoft\maven\apache-maven-3.3.9\repository\com\fasterxml\jackson\core\jackson-databind\2.12.5\jackson-databind-2.12.5.jar;D:\MySoft\maven\apache-maven-3.3.9\repository\com\fasterxml\jackson\core\jackson-annotations\2.12.5\jackson-annotations-2.12.5.jar;D:\MySoft\maven\apache-maven-3.3.9\repository\com\fasterxml\jackson\core\jackson-core\2.12.5\jackson-core-2.12.5.jar;D:\MySoft\maven\apache-maven-3.3.9\repository\com\fasterxml\jackson\datatype\jackson-datatype-jdk8\2.12.5\jackson-datatype-jdk8-2.12.5.jar;D:\MySoft\maven\apache-maven-3.3.9\repository\com\fasterxml\jackson\datatype\jackson-datatype-jsr310\2.12.5\jackson-datatype-jsr310-2.12.5.jar;D:\MySoft\maven\apache-maven-3.3.9\repository\com\fasterxml\jackson\module\jackson-module-parameter-names\2.12.5\jackson-module-parameter-names-2.12.5.jar;D:\MySoft\maven\apache-maven-3.3.9\repository\org\springframework\boot\spring-boot-starter-tomcat\2.5.7\spring-boot-starter-tomcat-2.5.7.jar;D:\MySoft\maven\apache-maven-3.3.9\repository\org\apache\tomcat\embed\tomcat-embed-core\9.0.55\tomcat-embed-core-9.0.55.jar;D:\MySoft\maven\apache-maven-3.3.9\repository\org\apache\tomcat\embed\tomcat-embed-el\9.0.55\tomcat-embed-el-9.0.55.jar;D:\MySoft\maven\apache-maven-3.3.9\repository\org\apache\tomcat\embed\tomcat-embed-websocket\9.0.55\tomcat-embed-websocket-9.0.55.jar;D:\MySoft\maven\apache-maven-3.3.9\repository\org\springframework\spring-web\5.3.13\spring-web-5.3.13.jar;D:\MySoft\maven\apache-maven-3.3.9\repository\org\springframework\spring-beans\5.3.13\spring-beans-5.3.13.jar;D:\MySoft\maven\apache-maven-3.3.9\repository\org\springframework\spring-webmvc\5.3.13\spring-webmvc-5.3.13.jar;D:\MySoft\maven\apache-maven-3.3.9\repository\org\springframework\spring-aop\5.3.13\spring-aop-5.3.13.jar;D:\MySoft\maven\apache-maven-3.3.9\repository\org\springframework\spring-context\5.3.13\spring-context-5.3.13.jar;D:\MySoft\maven\apache-maven-3.3.9\repository\org\springframework\spring-expression\5.3.13\spring-expression-5.3.13.jar;D:\MySoft\maven\apache-maven-3.3.9\repository\org\springframework\boot\spring-boot-starter-test\2.5.7\spring-boot-starter-test-2.5.7.jar;D:\MySoft\maven\apache-maven-3.3.9\repository\org\springframework\boot\spring-boot-test\2.5.7\spring-boot-test-2.5.7.jar;D:\MySoft\maven\apache-maven-3.3.9\repository\org\springframework\boot\spring-boot-test-autoconfigure\2.5.7\spring-boot-test-autoconfigure-2.5.7.jar;D:\MySoft\maven\apache-maven-3.3.9\repository\com\jayway\jsonpath\json-path\2.5.0\json-path-2.5.0.jar;D:\MySoft\maven\apache-maven-3.3.9\repository\net\minidev\json-smart\2.4.7\json-smart-2.4.7.jar;D:\MySoft\maven\apache-maven-3.3.9\repository\net\minidev\accessors-smart\2.4.7\accessors-smart-2.4.7.jar;D:\MySoft\maven\apache-maven-3.3.9\repository\org\ow2\asm\asm\9.1\asm-9.1.jar;D:\MySoft\maven\apache-maven-3.3.9\repository\org\slf4j\slf4j-api\1.7.32\slf4j-api-1.7.32.jar;D:\MySoft\maven\apache-maven-3.3.9\repository\jakarta\xml\bind\jakarta.xml.bind-api\2.3.3\jakarta.xml.bind-api-2.3.3.jar;D:\MySoft\maven\apache-maven-3.3.9\repository\jakarta\activation\jakarta.activation-api\1.2.2\jakarta.activation-api-1.2.2.jar;D:\MySoft\maven\apache-maven-3.3.9\repository\org\assertj\assertj-core\3.19.0\assertj-core-3.19.0.jar;D:\MySoft\maven\apache-maven-3.3.9\repository\org\hamcrest\hamcrest\2.2\hamcrest-2.2.jar;D:\MySoft\maven\apache-maven-3.3.9\repository\org\junit\jupiter\junit-jupiter\5.7.2\junit-jupiter-5.7.2.jar;D:\MySoft\maven\apache-maven-3.3.9\repository\org\junit\jupiter\junit-jupiter-api\5.7.2\junit-jupiter-api-5.7.2.jar;D:\MySoft\maven\apache-maven-3.3.9\repository\org\apiguardian\apiguardian-api\1.1.0\apiguardian-api-1.1.0.jar;D:\MySoft\maven\apache-maven-3.3.9\repository\org\opentest4j\opentest4j\1.2.0\opentest4j-1.2.0.jar;D:\MySoft\maven\apache-maven-3.3.9\repository\org\junit\platform\junit-platform-commons\1.7.2\junit-platform-commons-1.7.2.jar;D:\MySoft\maven\apache-maven-3.3.9\repository\org\junit\jupiter\junit-jupiter-params\5.7.2\junit-jupiter-params-5.7.2.jar;D:\MySoft\maven\apache-maven-3.3.9\repository\org\junit\jupiter\junit-jupiter-engine\5.7.2\junit-jupiter-engine-5.7.2.jar;D:\MySoft\maven\apache-maven-3.3.9\repository\org\junit\platform\junit-platform-engine\1.7.2\junit-platform-engine-1.7.2.jar;D:\MySoft\maven\apache-maven-3.3.9\repository\org\mockito\mockito-core\3.9.0\mockito-core-3.9.0.jar;D:\MySoft\maven\apache-maven-3.3.9\repository\net\bytebuddy\byte-buddy\1.10.22\byte-buddy-1.10.22.jar;D:\MySoft\maven\apache-maven-3.3.9\repository\net\bytebuddy\byte-buddy-agent\1.10.22\byte-buddy-agent-1.10.22.jar;D:\MySoft\maven\apache-maven-3.3.9\repository\org\objenesis\objenesis\3.2\objenesis-3.2.jar;D:\MySoft\maven\apache-maven-3.3.9\repository\org\mockito\mockito-junit-jupiter\3.9.0\mockito-junit-jupiter-3.9.0.jar;D:\MySoft\maven\apache-maven-3.3.9\repository\org\skyscreamer\jsonassert\1.5.0\jsonassert-1.5.0.jar;D:\MySoft\maven\apache-maven-3.3.9\repository\com\vaadin\external\google\android-json\0.0.20131108.vaadin1\android-json-0.0.20131108.vaadin1.jar;D:\MySoft\maven\apache-maven-3.3.9\repository\org\springframework\spring-core\5.3.13\spring-core-5.3.13.jar;D:\MySoft\maven\apache-maven-3.3.9\repository\org\springframework\spring-jcl\5.3.13\spring-jcl-5.3.13.jar;D:\MySoft\maven\apache-maven-3.3.9\repository\org\springframework\spring-test\5.3.13\spring-test-5.3.13.jar;D:\MySoft\maven\apache-maven-3.3.9\repository\org\xmlunit\xmlunit-core\2.8.3\xmlunit-core-2.8.3.jar;"/>
    <property name="sun.cpu.endian" value="little"/>
    <property name="user.home" value="C:\Users\tians"/>
    <property name="user.language" value="zh"/>
    <property name="java.specification.vendor" value="Oracle Corporation"/>
    <property name="java.home" value="D:\MySoft\jdk8\jre"/>
    <property name="basedir" value="E:\ideawork\jiuyeban\heima153\helloworld"/>
    <property name="file.separator" value="\"/>
    <property name="line.separator" value="&#10;"/>
    <property name="java.vm.specification.vendor" value="Oracle Corporation"/>
    <property name="java.specification.name" value="Java Platform API Specification"/>
    <property name="java.awt.graphicsenv" value="sun.awt.Win32GraphicsEnvironment"/>
    <property name="surefire.real.class.path" value="C:\Users\tians\AppData\Local\Temp\surefire1146583471535208980\surefirebooter4698197970722289118.jar"/>
    <property name="sun.boot.class.path" value="D:\MySoft\jdk8\jre\lib\resources.jar;D:\MySoft\jdk8\jre\lib\rt.jar;D:\MySoft\jdk8\jre\lib\sunrsasign.jar;D:\MySoft\jdk8\jre\lib\jsse.jar;D:\MySoft\jdk8\jre\lib\jce.jar;D:\MySoft\jdk8\jre\lib\charsets.jar;D:\MySoft\jdk8\jre\lib\jfr.jar;D:\MySoft\jdk8\jre\classes"/>
    <property name="user.script" value=""/>
    <property name="sun.management.compiler" value="HotSpot 64-Bit Tiered Compilers"/>
    <property name="java.runtime.version" value="1.8.0_111-b14"/>
    <property name="user.name" value="tians"/>
    <property name="path.separator" value=";"/>
    <property name="os.version" value="10.0"/>
    <property name="java.endorsed.dirs" value="D:\MySoft\jdk8\jre\lib\endorsed"/>
    <property name="java.runtime.name" value="Java(TM) SE Runtime Environment"/>
    <property name="file.encoding" value="GBK"/>
    <property name="java.vm.name" value="Java HotSpot(TM) 64-Bit Server VM"/>
    <property name="localRepository" value="D:\MySoft\maven\apache-maven-3.3.9\repository"/>
    <property name="java.vendor.url.bug" value="http://bugreport.sun.com/bugreport/"/>
    <property name="java.io.tmpdir" value="C:\Users\tians\AppData\Local\Temp\"/>
    <property name="idea.version" value="2021.1.1"/>
    <property name="java.version" value="1.8.0_111"/>
    <property name="user.dir" value="E:\ideawork\jiuyeban\heima153\helloworld"/>
    <property name="os.arch" value="amd64"/>
    <property name="java.vm.specification.name" value="Java Virtual Machine Specification"/>
    <property name="java.awt.printerjob" value="sun.awt.windows.WPrinterJob"/>
    <property name="sun.os.patch.level" value=""/>
    <property name="java.library.path" value="D:\MySoft\jdk8\jre\bin;C:\Windows\Sun\Java\bin;C:\Windows\system32;C:\Windows;D:\MySoft\jdk8\bin;C:\Program Files\VanDyke Software\Clients\;E:\MySoft\mysql-5.5.56-winx64\bin;D:\MySoft\mysql\bin;D:\MySoft\maven\apache-maven-3.3.9\bin;C:\Windows\system32;C:\Windows;C:\Windows\System32\Wbem;C:\Windows\System32\WindowsPowerShell\v1.0\;C:\Windows\System32\OpenSSH\;C:\Program Files (x86)\NVIDIA Corporation\PhysX\Common;D:\MySoft\git\Git\cmd;C:\Program Files\nodejs\;D:\MySoft\vscode\Microsoft VS Code\bin;C:\Users\tians\AppData\Roaming\npm;."/>
    <property name="java.vm.info" value="mixed mode"/>
    <property name="java.vendor" value="Oracle Corporation"/>
    <property name="java.vm.version" value="25.111-b14"/>
    <property name="java.ext.dirs" value="D:\MySoft\jdk8\jre\lib\ext;C:\Windows\Sun\Java\lib\ext"/>
    <property name="sun.io.unicode.encoding" value="UnicodeLittle"/>
    <property name="maven.repo.local" value="D:\MySoft\maven\apache-maven-3.3.9\repository"/>
    <property name="java.class.version" value="52.0"/>
  </properties>
  <testcase name="contextLoads" classname="com.itheima.helloworld.HelloworldApplicationTests" time="0.247"/>
</testsuite>